app/build/outputs/mapping/release/usage.txt
org.outlier.collegesuccess_pwa.twa.R
org.outlier.collegesuccess_pwa.twa.R$mipmap
org.outlier.collegesuccess_pwa.twa.R$dimen
org.outlier.collegesuccess_pwa.twa.R$integer
org.outlier.collegesuccess_pwa.twa.R$style
org.outlier.collegesuccess_pwa.twa.R$string
org.outlier.collegesuccess_pwa.twa.R$xml
org.outlier.collegesuccess_pwa.twa.R$raw
org.outlier.collegesuccess_pwa.twa.R$layout
org.outlier.collegesuccess_pwa.twa.R$styleable
org.outlier.collegesuccess_pwa.twa.R$id
org.outlier.collegesuccess_pwa.twa.R$color
org.outlier.collegesuccess_pwa.twa.R$drawable
org.outlier.collegesuccess_pwa.twa.BuildConfig
org.outlier.collegesuccess_pwa.twa.R$attr
org.outlier.collegesuccess_pwa.twa.R$bool
...
androidx.core.widget.TintableCompoundDrawablesView
androidx.core.text.BidiFormatter$Builder
com.google.androidbrowserhelper.R$string:
    private void <init>()
    public static final int app_name
    public static final int copy_toast_msg
    public static final int fallback_menu_item_copy_link
    public static final int fallback_menu_item_open_in_browser
    public static final int fallback_menu_item_share_link
    public static final int no_provider_toast
    public static final int status_bar_notification_info_overflow
    public static final int update_chrome_toast
androidx.core.os.UserManagerCompat
androidx.core.util.AtomicFile
androidx.annotation.CallSuper
androidx.browser.browseractions.BrowserActionsFallbackMenuAdapter$1
androidx.core.view.ViewPropertyAnimatorCompat$1
androidx.core.telephony.mbms.MbmsHelper
androidx.core.view.inputmethod.InputContentInfoCompat$InputContentInfoCompatApi25Impl
androidx.core.app.ShareCompat$IntentBuilder
androidx.annotation.NonNull
androidx.core.app.SharedElementCallback$OnSharedElementsReadyListener
androidx.core.view.MenuCompat
androidx.core.R$string
androidx.core.view.MenuItemCompat
androidx.core.view.accessibility.AccessibilityManagerCompat$TouchExplorationStateChangeListener
androidx.concurrent.futures.AbstractResolvableFuture
androidx.core.util.Pools$SimplePool
androidx.core.text.TextDirectionHeuristicsCompat$TextDirectionHeuristicImpl
androidx.core.text.util.LinkifyCompat
androidx.browser.trusted.TrustedWebActivityService:
    public static final java.lang.String ACTION_TRUSTED_WEB_ACTIVITY_SERVICE
    public static final java.lang.String META_DATA_NAME_SMALL_ICON
    public static final java.lang.String KEY_SMALL_ICON_BITMAP
    public static final java.lang.String KEY_SUCCESS
    public static final int SMALL_ICON_NOT_SET
androidx.core.view.GestureDetectorCompat$GestureDetectorCompatImplBase
android.support.customtabs.IPostMessageService$Stub$Proxy
androidx.collection.SparseArrayCompat
androidx.core.widget.AutoSizeableTextView
androidx.core.view.accessibility.AccessibilityViewCommand$SetProgressArguments
androidx.browser.browseractions.BrowserActionsIntent
androidx.core.view.accessibility.AccessibilityNodeInfoCompat$AccessibilityActionCompat
androidx.core.app.TaskStackBuilder
androidx.versionedparcelable.VersionedParcelStream
androidx.core.content.pm.PermissionInfoCompat$Protection
androidx.core.view.inputmethod.EditorInfoCompat
com.google.common.util.concurrent.ListenableFuture
androidx.core.util.DebugUtils
androidx.core.app.NotificationCompat
android.support.customtabs.ICustomTabsCallback$Default
androidx.core.util.Pools$Pool
androidx.interpolator.view.animation.FastOutSlowInInterpolator
androidx.annotation.RequiresPermission
androidx.browser.trusted.ConnectionHolder$WrapperFactory
androidx.core.widget.NestedScrollView
androidx.core.provider.SelfDestructiveThread$3
androidx.core.view.KeyEventDispatcher$Component
com.google.androidbrowserhelper.R$integer
androidx.collection.LongSparseArray
androidx.core.view.NestedScrollingChild2
androidx.annotation.InterpolatorRes
androidx.core.app.RemoteInput
androidx.core.view.ActionProvider$SubUiVisibilityListener
androidx.browser.trusted.PackageIdentityUtils:
    private void <init>()
    private static final java.lang.String TAG
androidx.core.app.NotificationCompatBuilder
androidx.collection.LruCache
androidx.annotation.RestrictTo
androidx.core.provider.FontsContractCompat$FontInfo
androidx.core.widget.NestedScrollView$SavedState
androidx.lifecycle.FullLifecycleObserverAdapter:
    void <init>(androidx.lifecycle.FullLifecycleObserver)
    public void onStateChanged(androidx.lifecycle.LifecycleOwner,androidx.lifecycle.Lifecycle$Event)
    private final androidx.lifecycle.FullLifecycleObserver mObserver
androidx.annotation.RequiresFeature
androidx.core.content.ContentResolverCompat
androidx.interpolator.R
androidx.browser.browseractions.BrowserActionsIntent$BrowserActionsUrlType
androidx.core.os.ParcelCompat